node_modules/unplugin/dist/index.d.ts(1,40): error TS2305: Module '"rollup"' has no exported member 'AcornNode'.
src/app/api/auth/resend-verification/route.ts(83,75): error TS2345: Argument of type '{ type: "signup"; email: any; }' is not assignable to parameter of type 'GenerateLinkParams'.
  Property 'password' is missing in type '{ type: "signup"; email: any; }' but required in type 'GenerateSignupLinkParams'.
src/app/api/debug/auth/route.ts(153,37): error TS7006: Parameter 'acc' implicitly has an 'any' type.
src/app/api/email/test/route.ts(46,11): error TS2322: Type 'ReactNode | Promise<ReactNode>' is not assignable to type 'ReactElement<unknown, string | JSXElementConstructor<any>> | undefined'.
  Type 'null' is not assignable to type 'ReactElement<unknown, string | JSXElementConstructor<any>> | undefined'.
src/app/api/invitations/route.ts(40,64): error TS2345: Argument of type 'string' is not assignable to parameter of type '"all" | "pending" | "expired" | "accepted" | "declined" | undefined'.
src/app/api/projects/[id]/account/route.ts(131,22): error TS2352: Conversion of type '{ id: any; name: any; }[]' to type 'Record<string, unknown>' may be a mistake because neither type sufficiently overlaps with the other. If this was intentional, convert the expression to 'unknown' first.
  Index signature for type 'string' is missing in type '{ id: any; name: any; }[]'.
src/app/api/projects/[id]/account/route.ts(146,81): error TS2352: Conversion of type '{ id: any; name: any; }[]' to type 'Record<string, unknown>' may be a mistake because neither type sufficiently overlaps with the other. If this was intentional, convert the expression to 'unknown' first.
  Index signature for type 'string' is missing in type '{ id: any; name: any; }[]'.
src/app/api/users/[userId]/accounts/route.ts(13,65): error TS2339: Property 'auth' does not exist on type 'Promise<SupabaseClient<any, "public", any>>'.
src/app/api/users/[userId]/route.ts(86,31): error TS2339: Property 'id' does not exist on type '{ id: any; name: any; slug: any; }[]'.
src/app/api/users/[userId]/route.ts(87,33): error TS2339: Property 'name' does not exist on type '{ id: any; name: any; slug: any; }[]'.
src/app/api/users/[userId]/route.ts(88,33): error TS2339: Property 'slug' does not exist on type '{ id: any; name: any; slug: any; }[]'.
src/app/api/users/invite/route.ts(9,65): error TS2339: Property 'auth' does not exist on type 'Promise<SupabaseClient<any, "public", any>>'.
src/app/api/users/route.ts(84,35): error TS2339: Property 'id' does not exist on type '{ id: any; name: any; slug: any; }[]'.
src/app/api/users/route.ts(85,37): error TS2339: Property 'name' does not exist on type '{ id: any; name: any; slug: any; }[]'.
src/app/api/users/route.ts(86,37): error TS2339: Property 'slug' does not exist on type '{ id: any; name: any; slug: any; }[]'.
src/app/signup/page.tsx(145,13): error TS2339: Property 'errors' does not exist on type 'ZodError<unknown>'.
src/app/signup/page.tsx(145,29): error TS7006: Parameter 'error' implicitly has an 'any' type.
src/app/signup/page.tsx(152,32): error TS2339: Property 'errors' does not exist on type 'ZodError<unknown>'.
src/components/pages/PageList.tsx(177,25): error TS2322: Type 'unknown' is not assignable to type 'ReactNode'.
src/components/pages/PageSettingsDialog.tsx(81,34): error TS2339: Property 'trim' does not exist on type '{}'.
src/components/pages/PageSettingsDialog.tsx(82,42): error TS2339: Property 'trim' does not exist on type '{}'.
src/components/pages/PageSettingsDialog.tsx(83,26): error TS2339: Property 'trim' does not exist on type '{}'.
src/components/pages/PageSettingsDialog.tsx(84,38): error TS2339: Property 'trim' does not exist on type '{}'.
src/components/pages/PageSettingsDialog.tsx(85,26): error TS2339: Property 'trim' does not exist on type '{}'.
src/components/pages/PageSettingsDialog.tsx(145,19): error TS2322: Type '{}' is not assignable to type 'string | number | readonly string[] | undefined'.
src/components/pages/PageSettingsDialog.tsx(189,19): error TS2322: Type '{}' is not assignable to type 'string | number | readonly string[] | undefined'.
src/components/pages/PageSettingsDialog.tsx(195,36): error TS2339: Property 'length' does not exist on type '{}'.
src/components/pages/PageSettingsDialog.tsx(204,19): error TS2322: Type '{}' is not assignable to type 'string | number | readonly string[] | undefined'.
src/components/pages/PageSettingsDialog.tsx(217,19): error TS2322: Type '{}' is not assignable to type 'string | number | readonly string[] | undefined'.
src/components/pages/PageSettingsDialog.tsx(231,19): error TS2322: Type '{}' is not assignable to type 'string | number | readonly string[] | undefined'.
src/components/sections/index.tsx(23,3): error TS2322: Type '({ content, isEditing, onContentChange }: HeroSectionProps) => Element' is not assignable to type 'ComponentType<BaseSectionProps>'.
  Type '({ content, isEditing, onContentChange }: HeroSectionProps) => Element' is not assignable to type 'FunctionComponent<BaseSectionProps>'.
    Types of parameters '__0' and 'props' are incompatible.
      Type 'BaseSectionProps' is not assignable to type 'HeroSectionProps'.
        Types of property 'content' are incompatible.
          Type 'SectionContent' is missing the following properties from type '{ headline: string; subheadline: string; buttonText: string; buttonLink: string; backgroundColor: string; textColor: string; buttonBackgroundColor: string; buttonTextColor: string; backgroundImage?: string | undefined; }': headline, subheadline, buttonText, buttonLink, and 4 more.
src/components/sections/index.tsx(24,3): error TS2322: Type '({ heading, subtext, buttonText, imageUrl, imageAlt, onHeadingChange, onSubtextChange, onButtonTextChange, onImageChange, editable, }: HeroTwoColumnProps) => Element' is not assignable to type 'ComponentType<BaseSectionProps>'.
  Type '({ heading, subtext, buttonText, imageUrl, imageAlt, onHeadingChange, onSubtextChange, onButtonTextChange, onImageChange, editable, }: HeroTwoColumnProps) => Element' is not assignable to type 'FunctionComponent<BaseSectionProps>'.
    Types of parameters '__0' and 'props' are incompatible.
      Type 'BaseSectionProps' has no properties in common with type 'HeroTwoColumnProps'.
src/components/sections/index.tsx(25,3): error TS2322: Type '({ heading, subtext, buttonText, imageUrl, imageAlt, onHeadingChange, onSubtextChange, onButtonTextChange, onImageChange, editable, }: HeroTwoColumnProps) => Element' is not assignable to type 'ComponentType<BaseSectionProps>'.
  Type '({ heading, subtext, buttonText, imageUrl, imageAlt, onHeadingChange, onSubtextChange, onButtonTextChange, onImageChange, editable, }: HeroTwoColumnProps) => Element' is not assignable to type 'FunctionComponent<BaseSectionProps>'.
    Types of parameters '__0' and 'props' are incompatible.
      Type 'BaseSectionProps' has no properties in common with type 'HeroTwoColumnProps'.
src/components/theme-builder/color-picker.tsx(93,22): error TS2554: Expected 1 arguments, but got 0.
src/emails/base-template.tsx(37,11): error TS2322: Type '"Arial, Helvetica, sans-serif"' is not assignable to type 'FallbackFont | FallbackFont[]'.
src/emails/invitation.tsx(42,7): error TS2322: Type '{ children: Element[]; preview: string; logoUrl: string | undefined; brandColor: string; }' is not assignable to type 'IntrinsicAttributes & BaseEmailTemplateProps'.
  Property 'brandColor' does not exist on type 'IntrinsicAttributes & BaseEmailTemplateProps'.
src/hooks/__tests__/useEmailPreferences.test.ts(158,29): error TS2339: Property 'isIdle' does not exist on type 'UseQueryResult<EmailPreferences, Error>'.
  Property 'isIdle' does not exist on type 'QueryObserverRefetchErrorResult<EmailPreferences, Error>'.
src/hooks/__tests__/useStaffAssignments.test.ts(402,9): error TS1117: An object literal cannot have multiple properties with the same name.
src/hooks/usePermissions.ts(49,63): error TS2339: Property 'permissions' does not exist on type '{}'.
src/hooks/usePermissions.ts(113,11): error TS2322: Type 'boolean | null' is not assignable to type 'boolean'.
  Type 'null' is not assignable to type 'boolean'.
src/hooks/useStaffAssignments.ts(91,35): error TS2339: Property 'email' does not exist on type '{ id: any; email: any; last_sign_in_at: any; created_at: any; raw_user_meta_data: any; }[]'.
src/hooks/useStaffAssignments.ts(92,67): error TS2339: Property 'raw_user_meta_data' does not exist on type '{ id: any; email: any; last_sign_in_at: any; created_at: any; raw_user_meta_data: any; }[]'.
src/hooks/useStaffAssignments.ts(93,45): error TS2339: Property 'last_sign_in_at' does not exist on type '{ id: any; email: any; last_sign_in_at: any; created_at: any; raw_user_meta_data: any; }[]'.
src/hooks/useStaffAssignments.ts(94,40): error TS2339: Property 'created_at' does not exist on type '{ id: any; email: any; last_sign_in_at: any; created_at: any; raw_user_meta_data: any; }[]'.
src/lib/permissions/__tests__/permissions.test.ts(18,25): error TS2339: Property 'mockReturnValueOnce' does not exist on type '{ <TableName extends string, Table extends any>(relation: TableName): PostgrestQueryBuilder<any, Table, TableName, Table extends { Relationships: infer R; } ? R : unknown>; <ViewName extends string, View extends any>(relation: ViewName): PostgrestQueryBuilder<...>; }'.
src/lib/permissions/__tests__/permissions.test.ts(34,25): error TS2339: Property 'mockReturnValueOnce' does not exist on type '{ <TableName extends string, Table extends any>(relation: TableName): PostgrestQueryBuilder<any, Table, TableName, Table extends { Relationships: infer R; } ? R : unknown>; <ViewName extends string, View extends any>(relation: ViewName): PostgrestQueryBuilder<...>; }'.
src/lib/permissions/__tests__/permissions.test.ts(52,25): error TS2339: Property 'mockReturnValueOnce' does not exist on type '{ <TableName extends string, Table extends any>(relation: TableName): PostgrestQueryBuilder<any, Table, TableName, Table extends { Relationships: infer R; } ? R : unknown>; <ViewName extends string, View extends any>(relation: ViewName): PostgrestQueryBuilder<...>; }'.
src/lib/permissions/__tests__/permissions.test.ts(69,25): error TS2339: Property 'mockReturnValueOnce' does not exist on type '{ <TableName extends string, Table extends any>(relation: TableName): PostgrestQueryBuilder<any, Table, TableName, Table extends { Relationships: infer R; } ? R : unknown>; <ViewName extends string, View extends any>(relation: ViewName): PostgrestQueryBuilder<...>; }'.
src/lib/permissions/__tests__/permissions.test.ts(88,25): error TS2339: Property 'mockReturnValueOnce' does not exist on type '{ <TableName extends string, Table extends any>(relation: TableName): PostgrestQueryBuilder<any, Table, TableName, Table extends { Relationships: infer R; } ? R : unknown>; <ViewName extends string, View extends any>(relation: ViewName): PostgrestQueryBuilder<...>; }'.
src/lib/permissions/__tests__/permissions.test.ts(102,25): error TS2339: Property 'mockReturnValueOnce' does not exist on type '{ <TableName extends string, Table extends any>(relation: TableName): PostgrestQueryBuilder<any, Table, TableName, Table extends { Relationships: infer R; } ? R : unknown>; <ViewName extends string, View extends any>(relation: ViewName): PostgrestQueryBuilder<...>; }'.
src/lib/permissions/__tests__/permissions.test.ts(121,25): error TS2339: Property 'mockReturnValueOnce' does not exist on type '{ <TableName extends string, Table extends any>(relation: TableName): PostgrestQueryBuilder<any, Table, TableName, Table extends { Relationships: infer R; } ? R : unknown>; <ViewName extends string, View extends any>(relation: ViewName): PostgrestQueryBuilder<...>; }'.
src/lib/permissions/__tests__/permissions.test.ts(143,25): error TS2339: Property 'mockReturnValueOnce' does not exist on type '{ <TableName extends string, Table extends any>(relation: TableName): PostgrestQueryBuilder<any, Table, TableName, Table extends { Relationships: infer R; } ? R : unknown>; <ViewName extends string, View extends any>(relation: ViewName): PostgrestQueryBuilder<...>; }'.
src/lib/permissions/__tests__/permissions.test.ts(153,25): error TS2339: Property 'mockReturnValueOnce' does not exist on type '{ <TableName extends string, Table extends any>(relation: TableName): PostgrestQueryBuilder<any, Table, TableName, Table extends { Relationships: infer R; } ? R : unknown>; <ViewName extends string, View extends any>(relation: ViewName): PostgrestQueryBuilder<...>; }'.
src/lib/permissions/__tests__/permissions.test.ts(180,25): error TS2339: Property 'mockReturnValueOnce' does not exist on type '{ <TableName extends string, Table extends any>(relation: TableName): PostgrestQueryBuilder<any, Table, TableName, Table extends { Relationships: infer R; } ? R : unknown>; <ViewName extends string, View extends any>(relation: ViewName): PostgrestQueryBuilder<...>; }'.
src/lib/permissions/__tests__/permissions.test.ts(190,25): error TS2339: Property 'mockReturnValueOnce' does not exist on type '{ <TableName extends string, Table extends any>(relation: TableName): PostgrestQueryBuilder<any, Table, TableName, Table extends { Relationships: infer R; } ? R : unknown>; <ViewName extends string, View extends any>(relation: ViewName): PostgrestQueryBuilder<...>; }'.
src/lib/permissions/__tests__/permissions.test.ts(218,25): error TS2339: Property 'mockReturnValueOnce' does not exist on type '{ <TableName extends string, Table extends any>(relation: TableName): PostgrestQueryBuilder<any, Table, TableName, Table extends { Relationships: infer R; } ? R : unknown>; <ViewName extends string, View extends any>(relation: ViewName): PostgrestQueryBuilder<...>; }'.
src/lib/permissions/__tests__/permissions.test.ts(228,25): error TS2339: Property 'mockReturnValueOnce' does not exist on type '{ <TableName extends string, Table extends any>(relation: TableName): PostgrestQueryBuilder<any, Table, TableName, Table extends { Relationships: infer R; } ? R : unknown>; <ViewName extends string, View extends any>(relation: ViewName): PostgrestQueryBuilder<...>; }'.
src/lib/permissions/index.ts(112,75): error TS2339: Property 'permissions' does not exist on type '{}'.
src/lib/permissions/index.ts(189,35): error TS7006: Parameter 'acc' implicitly has an 'any' type.
src/lib/permissions/server-checks.ts(13,6): error TS2339: Property 'from' does not exist on type 'Promise<SupabaseClient<any, "public", any>>'.
src/lib/permissions/server-checks.ts(30,6): error TS2339: Property 'from' does not exist on type 'Promise<SupabaseClient<any, "public", any>>'.
src/lib/permissions/server-checks.ts(47,6): error TS2339: Property 'from' does not exist on type 'Promise<SupabaseClient<any, "public", any>>'.
src/lib/permissions/server-checks.ts(56,19): error TS7006: Parameter 'd' implicitly has an 'any' type.
src/lib/permissions/server-checks.ts(75,6): error TS2339: Property 'from' does not exist on type 'Promise<SupabaseClient<any, "public", any>>'.
src/lib/permissions/server.ts(15,55): error TS2345: Argument of type 'Promise<SupabaseClient<any, "public", any>>' is not assignable to parameter of type 'SupabaseClient<Database, "public", any>'.
  Type 'Promise<SupabaseClient<any, "public", any>>' is missing the following properties from type 'SupabaseClient<Database, "public", any>': supabaseUrl, supabaseKey, auth, realtime, and 21 more.
src/lib/permissions/server.ts(27,59): error TS2345: Argument of type 'Promise<SupabaseClient<any, "public", any>>' is not assignable to parameter of type 'SupabaseClient<Database, "public", any>'.
  Type 'Promise<SupabaseClient<any, "public", any>>' is missing the following properties from type 'SupabaseClient<Database, "public", any>': supabaseUrl, supabaseKey, auth, realtime, and 21 more.
src/lib/services/__tests__/email-integration.test.ts(91,34): error TS2540: Cannot assign to 'NODE_ENV' because it is a read-only property.
src/lib/services/__tests__/email.test.ts(56,7): error TS2322: Type 'Mock<() => SupabaseClient<any, "public", any>>' is not assignable to type '{ <TableName extends string, Table extends any>(relation: TableName): PostgrestQueryBuilder<any, Table, TableName, Table extends { Relationships: infer R; } ? R : unknown>; <ViewName extends string, View extends any>(relation: ViewName): PostgrestQueryBuilder<...>; }'.
  Type 'SupabaseClient<any, "public", any>' is missing the following properties from type 'PostgrestQueryBuilder<any, any, any, unknown>': url, select, insert, upsert, and 2 more.
src/lib/services/__tests__/email.test.ts(89,34): error TS2540: Cannot assign to 'NODE_ENV' because it is a read-only property.
src/lib/services/__tests__/email.test.ts(145,14): error TS18049: 'result.data' is possibly 'null' or 'undefined'.
src/lib/services/__tests__/email.test.ts(261,20): error TS2339: Property 'single' does not exist on type 'SupabaseClient<any, "public", any>'.
src/lib/services/__tests__/email.test.ts(271,27): error TS2339: Property 'insert' does not exist on type 'SupabaseClient<any, "public", any>'.
src/lib/services/__tests__/email.test.ts(289,20): error TS2339: Property 'single' does not exist on type 'SupabaseClient<any, "public", any>'.
src/lib/services/__tests__/email.test.ts(296,27): error TS2339: Property 'insert' does not exist on type 'SupabaseClient<any, "public", any>'.
src/lib/services/__tests__/email.test.ts(312,20): error TS2339: Property 'single' does not exist on type 'SupabaseClient<any, "public", any>'.
src/lib/services/__tests__/email.test.ts(319,27): error TS2339: Property 'insert' does not exist on type 'SupabaseClient<any, "public", any>'.
src/lib/services/__tests__/email.test.ts(334,20): error TS2339: Property 'single' does not exist on type 'SupabaseClient<any, "public", any>'.
src/lib/services/__tests__/email.test.ts(341,27): error TS2339: Property 'insert' does not exist on type 'SupabaseClient<any, "public", any>'.
src/lib/services/__tests__/email.test.ts(356,20): error TS2339: Property 'single' does not exist on type 'SupabaseClient<any, "public", any>'.
src/lib/services/__tests__/email.test.ts(393,25): error TS2339: Property 'mockReturnValueOnce' does not exist on type '{ <TableName extends string, Table extends any>(relation: TableName): PostgrestQueryBuilder<any, Table, TableName, Table extends { Relationships: infer R; } ? R : unknown>; <ViewName extends string, View extends any>(relation: ViewName): PostgrestQueryBuilder<...>; }'.
src/lib/services/__tests__/email.test.ts(412,20): error TS2339: Property 'eq' does not exist on type 'SupabaseClient<any, "public", any>'.
src/lib/services/__tests__/email.test.ts(413,20): error TS2339: Property 'update' does not exist on type 'SupabaseClient<any, "public", any>'.
src/lib/services/__tests__/email.test.ts(421,27): error TS2339: Property 'update' does not exist on type 'SupabaseClient<any, "public", any>'.
src/lib/services/__tests__/email.test.ts(435,20): error TS2339: Property 'limit' does not exist on type 'SupabaseClient<any, "public", any>'.
src/lib/services/__tests__/email.test.ts(446,20): error TS2339: Property 'eq' does not exist on type 'SupabaseClient<any, "public", any>'.
src/lib/services/__tests__/email.test.ts(447,20): error TS2339: Property 'update' does not exist on type 'SupabaseClient<any, "public", any>'.
src/lib/services/__tests__/email.test.ts(456,27): error TS2339: Property 'update' does not exist on type 'SupabaseClient<any, "public", any>'.
src/lib/services/__tests__/email.test.ts(476,20): error TS2339: Property 'limit' does not exist on type 'SupabaseClient<any, "public", any>'.
src/lib/services/__tests__/email.test.ts(486,20): error TS2339: Property 'eq' does not exist on type 'SupabaseClient<any, "public", any>'.
src/lib/services/__tests__/email.test.ts(487,20): error TS2339: Property 'update' does not exist on type 'SupabaseClient<any, "public", any>'.
src/lib/services/__tests__/email.test.ts(492,27): error TS2339: Property 'update' does not exist on type 'SupabaseClient<any, "public", any>'.
src/lib/services/__tests__/email.test.ts(520,20): error TS2339: Property 'limit' does not exist on type 'SupabaseClient<any, "public", any>'.
src/lib/services/__tests__/email.test.ts(526,20): error TS2339: Property 'single' does not exist on type 'SupabaseClient<any, "public", any>'.
src/lib/services/__tests__/email.test.ts(536,20): error TS2339: Property 'eq' does not exist on type 'SupabaseClient<any, "public", any>'.
src/lib/services/__tests__/email.test.ts(537,20): error TS2339: Property 'update' does not exist on type 'SupabaseClient<any, "public", any>'.
src/lib/services/__tests__/email.test.ts(550,20): error TS2339: Property 'limit' does not exist on type 'SupabaseClient<any, "public", any>'.
src/lib/services/__tests__/email.test.ts(573,20): error TS2339: Property 'limit' does not exist on type 'SupabaseClient<any, "public", any>'.
src/lib/services/__tests__/email.test.ts(583,20): error TS2339: Property 'eq' does not exist on type 'SupabaseClient<any, "public", any>'.
src/lib/services/__tests__/email.test.ts(584,20): error TS2339: Property 'update' does not exist on type 'SupabaseClient<any, "public", any>'.
src/lib/services/__tests__/email.test.ts(585,20): error TS2339: Property 'insert' does not exist on type 'SupabaseClient<any, "public", any>'.
src/lib/services/__tests__/email.test.ts(591,27): error TS2339: Property 'insert' does not exist on type 'SupabaseClient<any, "public", any>'.
src/lib/services/__tests__/email.test.ts(608,20): error TS2339: Property 'limit' does not exist on type 'SupabaseClient<any, "public", any>'.
src/lib/services/__tests__/email.test.ts(617,27): error TS2339: Property 'update' does not exist on type 'SupabaseClient<any, "public", any>'.
src/lib/services/__tests__/email.test.ts(624,20): error TS2339: Property 'limit' does not exist on type 'SupabaseClient<any, "public", any>'.
src/lib/services/__tests__/email.test.ts(643,20): error TS2339: Property 'select' does not exist on type 'SupabaseClient<any, "public", any>'.
src/lib/services/__tests__/email.test.ts(662,20): error TS2339: Property 'select' does not exist on type 'SupabaseClient<any, "public", any>'.
src/lib/services/__tests__/email.test.ts(689,20): error TS2339: Property 'limit' does not exist on type 'SupabaseClient<any, "public", any>'.
src/lib/services/__tests__/email.test.ts(699,20): error TS2339: Property 'eq' does not exist on type 'SupabaseClient<any, "public", any>'.
src/lib/services/__tests__/email.test.ts(700,20): error TS2339: Property 'update' does not exist on type 'SupabaseClient<any, "public", any>'.
src/lib/services/__tests__/email.test.ts(722,16): error TS7053: Element implicitly has an 'any' type because expression of type 'any' can't be used to index type '{ name: string; company: string; }'.
src/lib/services/__tests__/email.test.ts(722,58): error TS7053: Element implicitly has an 'any' type because expression of type 'any' can't be used to index type '{ name: string; company: string; }'.
src/lib/services/__tests__/email.test.ts(752,20): error TS2339: Property 'lte' does not exist on type 'SupabaseClient<any, "public", any>'.
src/lib/services/__tests__/email.test.ts(752,44): error TS7006: Parameter 'field' implicitly has an 'any' type.
src/lib/services/__tests__/email.test.ts(752,51): error TS7006: Parameter 'value' implicitly has an 'any' type.
src/lib/services/__tests__/email.test.ts(756,24): error TS2339: Property 'limit' does not exist on type 'SupabaseClient<any, "public", any>'.
src/lib/services/__tests__/email.test.ts(767,27): error TS2339: Property 'lte' does not exist on type 'SupabaseClient<any, "public", any>'.
src/lib/services/accounts.ts(59,25): error TS7006: Parameter 'account' implicitly has an 'any' type.
src/lib/services/domain-verification.ts(79,7): error TS2554: Expected 2 arguments, but got 3.
src/lib/services/domain-verification.ts(91,9): error TS2322: Type '{ state: "ERROR" | "PENDING" | "INITIALIZING" | "READY"; error?: string | undefined; } | undefined' is not assignable to type '{ [key: string]: unknown; configured: boolean; status: string; } | undefined'.
  Type '{ state: "ERROR" | "PENDING" | "INITIALIZING" | "READY"; error?: string | undefined; }' is missing the following properties from type '{ [key: string]: unknown; configured: boolean; status: string; }': configured, status
src/lib/services/domain-verification.ts(110,7): error TS2322: Type '{ state: "ERROR" | "PENDING" | "INITIALIZING" | "READY"; error?: string | undefined; } | undefined' is not assignable to type '{ [key: string]: unknown; configured: boolean; status: string; } | undefined'.
  Type '{ state: "ERROR" | "PENDING" | "INITIALIZING" | "READY"; error?: string | undefined; }' is missing the following properties from type '{ [key: string]: unknown; configured: boolean; status: string; }': configured, status
src/lib/services/domain-verification.ts(124,7): error TS18046: 'error' is of type 'unknown'.
src/lib/services/domain-verification.ts(125,7): error TS18046: 'error' is of type 'unknown'.
src/lib/services/domain-verification.ts(126,7): error TS18046: 'error' is of type 'unknown'.
src/lib/services/domains.ts(40,5): error TS2322: Type 'string | null' is not assignable to type 'string | undefined'.
  Type 'null' is not assignable to type 'string | undefined'.
src/lib/services/email.ts(94,7): error TS2561: Object literal may only specify known properties, but 'reply_to' does not exist in type 'CreateEmailOptions'. Did you mean to write 'replyTo'?
src/lib/services/email.ts(176,35): error TS2339: Property 'sql' does not exist on type 'SupabaseClient<any, "public", any>'.
src/lib/services/email.ts(311,35): error TS2339: Property 'sql' does not exist on type 'SupabaseClient<any, "public", any>'.
src/lib/services/projects.ts(122,7): error TS2783: 'message' is specified more than once, so this usage will be overwritten.
src/lib/services/projects.ts(123,7): error TS2783: 'code' is specified more than once, so this usage will be overwritten.
src/lib/services/projects.ts(124,7): error TS2783: 'details' is specified more than once, so this usage will be overwritten.
src/lib/services/projects.ts(125,7): error TS2783: 'hint' is specified more than once, so this usage will be overwritten.
src/lib/services/users.server.ts(75,39): error TS2339: Property 'name' does not exist on type '{ id: any; name: any; slug: any; }[]'.
src/lib/services/users.server.ts(76,39): error TS2339: Property 'slug' does not exist on type '{ id: any; name: any; slug: any; }[]'.
src/lib/services/users.server.ts(139,37): error TS2339: Property 'name' does not exist on type '{ id: any; name: any; slug: any; }[]'.
src/lib/services/users.server.ts(140,37): error TS2339: Property 'slug' does not exist on type '{ id: any; name: any; slug: any; }[]'.
src/lib/services/users.ts(319,39): error TS2339: Property 'name' does not exist on type '{ id: any; name: any; slug: any; }[]'.
src/lib/services/users.ts(320,39): error TS2339: Property 'slug' does not exist on type '{ id: any; name: any; slug: any; }[]'.
src/lib/services/users.ts(327,39): error TS2339: Property 'name' does not exist on type '{ id: any; name: any; slug: any; }[]'.
src/lib/supabase/auth.ts(58,44): error TS2345: Argument of type '(event: string, session: { access_token: string; refresh_token: string; expires_in: number; user: { id: string; email: string; }; } | null) => void' is not assignable to parameter of type '(event: AuthChangeEvent, session: Session | null) => void | Promise<void>'.
  Types of parameters 'session' and 'session' are incompatible.
    Type 'Session | null' is not assignable to type '{ access_token: string; refresh_token: string; expires_in: number; user: { id: string; email: string; }; } | null'.
      Type 'Session' is not assignable to type '{ access_token: string; refresh_token: string; expires_in: number; user: { id: string; email: string; }; }'.
        The types of 'user.email' are incompatible between these types.
          Type 'string | undefined' is not assignable to type 'string'.
            Type 'undefined' is not assignable to type 'string'.
src/lib/supabase/core-components.ts(160,33): error TS2322: Type 'string' is not assignable to type '"shadcn" | "aceternity" | "expansions" | "custom" | undefined'.
src/lib/supabase/lab-drafts.ts(198,39): error TS2339: Property 'description' does not exist on type 'SectionContent | PageContent | SiteContent | ThemeVariables'.
  Property 'description' does not exist on type 'SectionContent'.
src/lib/supabase/lab-drafts.ts(199,37): error TS2339: Property 'variables' does not exist on type 'SectionContent | PageContent | SiteContent | ThemeVariables'.
  Property 'variables' does not exist on type 'SectionContent'.
src/lib/supabase/library.ts(129,13): error TS2339: Property 'data' does not exist on type 'LibraryItem'.
src/lib/supabase/themes.ts(137,54): error TS2304: Cannot find name 'supabase'.
src/lib/supabase/themes.ts(150,7): error TS2322: Type 'string | undefined' is not assignable to type 'string | null'.
  Type 'undefined' is not assignable to type 'string | null'.
src/schemas/auth.ts(13,8): error TS2345: Argument of type '(password: any) => { message: string; }' is not assignable to parameter of type 'string | { path?: PropertyKey[] | undefined; abort?: boolean | undefined; when?: ((payload: ParsePayload<unknown>) => boolean) | undefined; params?: Record<string, any> | undefined; error?: string | ... 1 more ... | undefined; message?: string | undefined; } | undefined'.
src/schemas/auth.ts(13,9): error TS7006: Parameter 'password' implicitly has an 'any' type.
src/test/utils/permission-helpers.ts(203,11): error TS2739: Type 'PostgrestFilterBuilder<any, any, any[], string, unknown>' is missing the following properties from type 'PostgrestQueryBuilder<any, any, string, unknown>': insert, upsert, update, delete
src/test/utils/permission-helpers.ts(206,11): error TS2739: Type 'PostgrestFilterBuilder<any, any, null, string, unknown>' is missing the following properties from type 'PostgrestQueryBuilder<any, any, string, unknown>': insert, upsert, update, delete
src/test/utils/permission-helpers.ts(206,32): error TS18046: 'context' is of type 'unknown'.
src/test/utils/permission-helpers.ts(209,11): error TS2739: Type 'PostgrestFilterBuilder<any, any, null, string, unknown>' is missing the following properties from type 'PostgrestQueryBuilder<any, any, string, unknown>': insert, upsert, update, delete
src/test/utils/permission-helpers.ts(209,32): error TS18046: 'context' is of type 'unknown'.
src/test/utils/permission-helpers.ts(209,55): error TS18046: 'context' is of type 'unknown'.
src/test/utils/permission-helpers.ts(212,11): error TS2739: Type 'PostgrestFilterBuilder<any, any, null, string, unknown>' is missing the following properties from type 'PostgrestQueryBuilder<any, any, string, unknown>': insert, upsert, update, delete
src/test/utils/permission-helpers.ts(212,43): error TS18046: 'context' is of type 'unknown'.
src/test/utils/permission-helpers.ts(216,15): error TS2339: Property 'data' does not exist on type 'PostgrestQueryBuilder<any, any, string, unknown>'.
src/test/utils/permission-helpers.ts(216,21): error TS2339: Property 'error' does not exist on type 'PostgrestQueryBuilder<any, any, string, unknown>'.
src/test/utils/supabase-mocks.ts(147,32): error TS2339: Property 'mockReturnValueOnce' does not exist on type '{}'.
src/test/utils/supabase-mocks.ts(148,16): error TS2339: Property 'mockReturnValueOnce' does not exist on type '{}'.
